TN:
SF:src\services\slices\feeds-slice.ts
FN:25,(anonymous_0)
FN:34,(anonymous_1)
FN:36,(anonymous_2)
FN:42,(anonymous_3)
FN:49,(anonymous_4)
FNF:5
FNH:4
FNDA:0,(anonymous_0)
FNDA:1,(anonymous_1)
FNDA:1,(anonymous_2)
FNDA:1,(anonymous_3)
FNDA:1,(anonymous_4)
DA:12,1
DA:23,1
DA:26,0
DA:27,0
DA:30,1
DA:35,1
DA:37,1
DA:38,1
DA:43,1
DA:44,1
DA:45,1
DA:46,1
DA:50,1
DA:54,1
LF:14
LH:12
BRF:0
BRH:0
end_of_record
TN:
SF:src\services\slices\ingredients-slice.ts
FN:21,(anonymous_0)
FN:31,(anonymous_1)
FN:33,(anonymous_2)
FN:39,(anonymous_3)
FN:46,(anonymous_4)
FNF:5
FNH:4
FNDA:0,(anonymous_0)
FNDA:1,(anonymous_1)
FNDA:1,(anonymous_2)
FNDA:1,(anonymous_3)
FNDA:1,(anonymous_4)
DA:12,1
DA:19,1
DA:22,0
DA:23,0
DA:27,1
DA:32,1
DA:34,1
DA:35,1
DA:40,1
DA:41,1
DA:42,1
DA:43,1
DA:47,1
DA:48,1
DA:49,1
LF:15
LH:13
BRF:0
BRH:0
end_of_record
TN:
SF:src\services\slices\order-slice.ts
FN:42,(anonymous_0)
FN:49,(anonymous_1)
FN:56,(anonymous_2)
FN:66,(anonymous_3)
FN:73,(anonymous_4)
FN:77,(anonymous_5)
FN:79,(anonymous_6)
FN:85,(anonymous_7)
FN:91,(anonymous_8)
FN:94,(anonymous_9)
FN:99,(anonymous_10)
FN:101,(anonymous_11)
FN:106,(anonymous_12)
FN:112,(anonymous_13)
FN:116,(anonymous_14)
FN:121,(anonymous_15)
FN:129,(anonymous_16)
FN:133,(anonymous_17)
FN:138,(anonymous_18)
FN:145,(anonymous_19)
FNF:20
FNH:16
FNDA:0,(anonymous_0)
FNDA:0,(anonymous_1)
FNDA:0,(anonymous_2)
FNDA:5,(anonymous_3)
FNDA:5,(anonymous_4)
FNDA:1,(anonymous_5)
FNDA:1,(anonymous_6)
FNDA:1,(anonymous_7)
FNDA:0,(anonymous_8)
FNDA:1,(anonymous_9)
FNDA:1,(anonymous_10)
FNDA:1,(anonymous_11)
FNDA:1,(anonymous_12)
FNDA:1,(anonymous_13)
FNDA:1,(anonymous_14)
FNDA:1,(anonymous_15)
FNDA:1,(anonymous_16)
FNDA:1,(anonymous_17)
FNDA:1,(anonymous_18)
FNDA:1,(anonymous_19)
DA:26,1
DA:40,1
DA:43,0
DA:44,0
DA:47,1
DA:50,0
DA:51,0
DA:54,1
DA:57,0
DA:58,0
DA:61,1
DA:67,5
DA:68,1
DA:70,4
DA:73,5
DA:78,1
DA:79,1
DA:81,1
DA:82,1
DA:86,1
DA:87,1
DA:88,1
DA:89,1
DA:92,0
DA:95,1
DA:96,1
DA:100,1
DA:102,1
DA:107,1
DA:108,1
DA:109,1
DA:113,1
DA:114,1
DA:117,1
DA:122,1
DA:123,1
DA:124,1
DA:125,1
DA:126,1
DA:130,1
DA:131,1
DA:134,1
DA:139,1
DA:140,1
DA:141,1
DA:142,1
DA:146,1
DA:147,1
DA:148,1
LF:49
LH:42
BRDA:67,0,0,1
BRDA:67,0,1,4
BRDA:81,1,0,1
BRDA:81,1,1,0
BRF:4
BRH:3
end_of_record
TN:
SF:src\services\slices\user-slice.ts
FN:36,(anonymous_0)
FN:43,(anonymous_1)
FN:50,(anonymous_2)
FN:57,(anonymous_3)
FN:62,(anonymous_4)
FN:70,(anonymous_5)
FN:72,(anonymous_6)
FN:77,(anonymous_7)
FN:85,(anonymous_8)
FN:90,(anonymous_9)
FN:95,(anonymous_10)
FN:103,(anonymous_11)
FN:108,(anonymous_12)
FN:113,(anonymous_13)
FN:121,(anonymous_14)
FN:133,(anonymous_15)
FN:138,(anonymous_16)
FN:148,(anonymous_17)
FN:153,(anonymous_18)
FN:156,(anonymous_19)
FN:166,(anonymous_20)
FNF:21
FNH:16
FNDA:0,(anonymous_0)
FNDA:0,(anonymous_1)
FNDA:0,(anonymous_2)
FNDA:0,(anonymous_3)
FNDA:0,(anonymous_4)
FNDA:1,(anonymous_5)
FNDA:1,(anonymous_6)
FNDA:1,(anonymous_7)
FNDA:1,(anonymous_8)
FNDA:1,(anonymous_9)
FNDA:1,(anonymous_10)
FNDA:1,(anonymous_11)
FNDA:1,(anonymous_12)
FNDA:1,(anonymous_13)
FNDA:1,(anonymous_14)
FNDA:1,(anonymous_15)
FNDA:1,(anonymous_16)
FNDA:1,(anonymous_17)
FNDA:1,(anonymous_18)
FNDA:1,(anonymous_19)
FNDA:1,(anonymous_20)
DA:25,1
DA:34,1
DA:37,0
DA:38,0
DA:41,1
DA:44,0
DA:45,0
DA:48,1
DA:51,0
DA:52,0
DA:55,1
DA:58,0
DA:59,0
DA:62,1
DA:63,0
DA:64,0
DA:66,1
DA:71,1
DA:73,1
DA:78,1
DA:79,1
DA:80,1
DA:81,1
DA:82,1
DA:86,1
DA:87,1
DA:88,1
DA:91,1
DA:96,1
DA:97,1
DA:98,1
DA:99,1
DA:100,1
DA:104,1
DA:105,1
DA:106,1
DA:109,1
DA:114,1
DA:115,1
DA:116,1
DA:117,1
DA:118,1
DA:122,1
DA:123,1
DA:124,1
DA:130,1
DA:131,1
DA:134,1
DA:139,1
DA:140,1
DA:141,1
DA:142,1
DA:143,1
DA:144,1
DA:145,1
DA:149,1
DA:150,1
DA:151,1
DA:154,1
DA:157,1
DA:158,1
DA:159,1
DA:160,1
DA:161,1
DA:162,1
DA:163,1
DA:164,1
DA:167,1
DA:168,1
DA:169,1
LF:70
LH:60
BRF:0
BRH:0
end_of_record
TN:
SF:src\utils\burger-api.ts
FN:6,(anonymous_0)
FN:7,(anonymous_1)
FN:18,(anonymous_2)
FN:28,(anonymous_3)
FN:29,(anonymous_4)
FN:38,(anonymous_5)
FN:74,(anonymous_6)
FN:76,(anonymous_7)
FN:77,(anonymous_8)
FN:82,(anonymous_9)
FN:84,(anonymous_10)
FN:85,(anonymous_11)
FN:90,(anonymous_12)
FN:97,(anonymous_13)
FN:107,(anonymous_14)
FN:117,(anonymous_15)
FN:126,(anonymous_16)
FN:132,(anonymous_17)
FN:146,(anonymous_18)
FN:154,(anonymous_19)
FN:155,(anonymous_20)
FN:165,(anonymous_21)
FN:173,(anonymous_22)
FN:174,(anonymous_23)
FN:179,(anonymous_24)
FN:187,(anonymous_25)
FN:188,(anonymous_26)
FN:193,(anonymous_27)
FN:201,(anonymous_28)
FN:202,(anonymous_29)
FN:209,(anonymous_30)
FN:216,(anonymous_31)
FN:226,(anonymous_32)
FN:236,(anonymous_33)
FNF:34
FNH:0
FNDA:0,(anonymous_0)
FNDA:0,(anonymous_1)
FNDA:0,(anonymous_2)
FNDA:0,(anonymous_3)
FNDA:0,(anonymous_4)
FNDA:0,(anonymous_5)
FNDA:0,(anonymous_6)
FNDA:0,(anonymous_7)
FNDA:0,(anonymous_8)
FNDA:0,(anonymous_9)
FNDA:0,(anonymous_10)
FNDA:0,(anonymous_11)
FNDA:0,(anonymous_12)
FNDA:0,(anonymous_13)
FNDA:0,(anonymous_14)
FNDA:0,(anonymous_15)
FNDA:0,(anonymous_16)
FNDA:0,(anonymous_17)
FNDA:0,(anonymous_18)
FNDA:0,(anonymous_19)
FNDA:0,(anonymous_20)
FNDA:0,(anonymous_21)
FNDA:0,(anonymous_22)
FNDA:0,(anonymous_23)
FNDA:0,(anonymous_24)
FNDA:0,(anonymous_25)
FNDA:0,(anonymous_26)
FNDA:0,(anonymous_27)
FNDA:0,(anonymous_28)
FNDA:0,(anonymous_29)
FNDA:0,(anonymous_30)
FNDA:0,(anonymous_31)
FNDA:0,(anonymous_32)
FNDA:0,(anonymous_33)
DA:4,4
DA:6,4
DA:7,0
DA:18,4
DA:19,0
DA:28,0
DA:30,0
DA:31,0
DA:33,0
DA:34,0
DA:35,0
DA:38,4
DA:42,0
DA:43,0
DA:44,0
DA:46,0
DA:47,0
DA:48,0
DA:49,0
DA:52,0
DA:53,0
DA:55,0
DA:74,4
DA:75,0
DA:76,0
DA:78,0
DA:79,0
DA:82,4
DA:83,0
DA:84,0
DA:86,0
DA:87,0
DA:90,4
DA:91,0
DA:98,0
DA:99,0
DA:107,4
DA:108,0
DA:118,0
DA:119,0
DA:126,4
DA:127,0
DA:132,0
DA:146,4
DA:147,0
DA:154,0
DA:156,0
DA:157,0
DA:165,4
DA:166,0
DA:173,0
DA:175,0
DA:176,0
DA:179,4
DA:180,0
DA:187,0
DA:189,0
DA:190,0
DA:193,4
DA:194,0
DA:201,0
DA:203,0
DA:204,0
DA:209,4
DA:210,0
DA:216,4
DA:217,0
DA:226,4
DA:227,0
DA:236,0
LF:70
LH:16
BRDA:7,0,0,0
BRDA:7,0,1,0
BRDA:30,1,0,0
BRDA:30,1,1,0
BRDA:46,2,0,0
BRDA:46,2,1,0
BRDA:48,3,0,0
BRDA:48,3,1,0
BRDA:78,4,0,0
BRDA:78,4,1,0
BRDA:86,5,0,0
BRDA:86,5,1,0
BRDA:98,6,0,0
BRDA:98,6,1,0
BRDA:118,7,0,0
BRDA:118,7,1,0
BRDA:156,8,0,0
BRDA:156,8,1,0
BRDA:175,9,0,0
BRDA:175,9,1,0
BRDA:189,10,0,0
BRDA:189,10,1,0
BRDA:203,11,0,0
BRDA:203,11,1,0
BRF:24
BRH:0
end_of_record
TN:
SF:src\utils\cookie.ts
FN:1,getCookie
FN:13,setCookie
FN:45,deleteCookie
FNF:3
FNH:1
FNDA:0,getCookie
FNDA:2,setCookie
FNDA:0,deleteCookie
DA:2,0
DA:10,0
DA:18,2
DA:23,2
DA:24,2
DA:25,0
DA:26,0
DA:27,0
DA:30,2
DA:31,0
DA:33,2
DA:34,2
DA:35,2
DA:36,2
DA:37,2
DA:38,2
DA:39,2
DA:42,2
DA:46,0
LF:19
LH:12
BRDA:10,0,0,0
BRDA:10,0,1,0
BRDA:16,1,0,2
BRDA:24,2,0,0
BRDA:24,2,1,2
BRDA:24,3,0,2
BRDA:24,3,1,0
BRDA:30,4,0,0
BRDA:30,4,1,2
BRDA:30,5,0,2
BRDA:30,5,1,0
BRDA:38,6,0,2
BRDA:38,6,1,0
BRF:13
BRH:6
end_of_record
